#
# There is insufficient memory for the Java Runtime Environment to continue.
# Native memory allocation (mmap) failed to map 132120576 bytes for Failed to commit area from 0x0000000082800000 to 0x000000008a600000 of length 132120576.
# Possible reasons:
#   The system is out of physical RAM or swap space
#   The process is running with CompressedOops enabled, and the Java Heap may be blocking the growth of the native heap
# Possible solutions:
#   Reduce memory load on the system
#   Increase physical memory or swap space
#   Check if swap backing store is full
#   Decrease Java heap size (-Xmx/-Xms)
#   Decrease number of Java threads
#   Decrease Java thread stack sizes (-Xss)
#   Set larger code cache with -XX:ReservedCodeCacheSize=
# This output file may be truncated or incomplete.
#
#  Out of Memory Error (./open/src/hotspot/os/windows/os_windows.cpp:3287), pid=11924, tid=13244
#
# JRE version:  (11.0.15.1+2) (build )
# Java VM: Java HotSpot(TM) 64-Bit Server VM (11.0.15.1+2-LTS-10, mixed mode, sharing, tiered, compressed oops, g1 gc, windows-amd64)
# No core dump will be written. Minidumps are not enabled by default on client versions of Windows
#

---------------  S U M M A R Y ------------

Command Line: -XX:TieredStopAtLevel=1 -Xverify:none -Dspring.output.ansi.enabled=always -Dcom.sun.management.jmxremote -Dspring.jmx.enabled=true -Dspring.liveBeansView.mbeanDomain -Dspring.application.admin.enabled=true -javaagent:C:\Program Files\JetBrains\IntelliJ IDEA 2022.1.3\lib\idea_rt.jar=50722:C:\Program Files\JetBrains\IntelliJ IDEA 2022.1.3\bin -Dfile.encoding=UTF-8 com.nttdata.com.apigateway.ApiGatewayApplication

Host: Intel(R) Core(TM) i5-10300H CPU @ 2.50GHz, 8 cores, 7G,  Windows 10 , 64 bit Build 19041 (10.0.19041.3031)
Time: Mon Jul 10 11:37:09 2023 Hora est. Pacífico, Sudamérica elapsed time: 0.030518 seconds (0d 0h 0m 0s)

---------------  T H R E A D  ---------------

Current thread (0x00000207ec59b000):  JavaThread "Unknown thread" [_thread_in_vm, id=13244, stack(0x00000061f7000000,0x00000061f7100000)]

Stack: [0x00000061f7000000,0x00000061f7100000]
Native frames: (J=compiled Java code, j=interpreted, Vv=VM code, C=native code)
V  [jvm.dll+0x629d8a]
V  [jvm.dll+0x7638ff]
V  [jvm.dll+0x764fa9]
V  [jvm.dll+0x765633]
V  [jvm.dll+0x23d9c8]
V  [jvm.dll+0x6270aa]
V  [jvm.dll+0x61be35]
V  [jvm.dll+0x2f27dc]
V  [jvm.dll+0x2f2662]
V  [jvm.dll+0x2f7386]
V  [jvm.dll+0x339d8f]
V  [jvm.dll+0x3397c0]
V  [jvm.dll+0x2cfdf8]
V  [jvm.dll+0x2d0f66]
V  [jvm.dll+0x73df07]
V  [jvm.dll+0x73f79f]
V  [jvm.dll+0x346ab9]
V  [jvm.dll+0x723810]
V  [jvm.dll+0x3b56cf]
V  [jvm.dll+0x3b77e1]
C  [jli.dll+0x5207]
C  [ucrtbase.dll+0x21bb2]
C  [KERNEL32.DLL+0x17614]
C  [ntdll.dll+0x526f1]


---------------  P R O C E S S  ---------------

Threads class SMR info:
_java_thread_list=0x00000207ea2cea40, length=0, elements={
}

Java Threads: ( => current thread )

Other Threads:
  0x00000207ec5b0000 GCTaskThread "GC Thread#0" [stack: 0x00000061f7100000,0x00000061f7200000] [id=17088]
  0x00000207ec5df000 ConcurrentGCThread "G1 Main Marker" [stack: 0x00000061f7200000,0x00000061f7300000] [id=36816]
  0x00000207ec5e1800 ConcurrentGCThread "G1 Conc#0" [stack: 0x00000061f7300000,0x00000061f7400000] [id=9896]

[error occurred during error reporting (printing all threads), id 0xc0000005, EXCEPTION_ACCESS_VIOLATION (0xc0000005) at pc=0x00007ffbafcbf087]

VM state:not at safepoint (not fully initialized)

VM Mutex/Monitor currently owned by a thread:  ([mutex/lock_event])
[0x00000207ec597c80] Heap_lock - owner thread: 0x00000207ec59b000

Heap address: 0x0000000082800000, size: 2008 MB, Compressed Oops mode: Non-zero based: 0x0000000082800000
Narrow klass base: 0x0000000000000000, Narrow klass shift: 0

GC Heap History (0 events):
No events

Deoptimization events (0 events):
No events

Classes redefined (0 events):
No events

Internal exceptions (0 events):
No events

Events (0 events):
No events


Dynamic libraries:
0x00007ff797260000 - 0x00007ff79726f000 	C:\Program Files\Java\jdk-11.0.15.1\bin\java.exe
0x00007ffbfef70000 - 0x00007ffbff168000 	C:\Windows\SYSTEM32\ntdll.dll
0x00007ffbfcfd0000 - 0x00007ffbfd08f000 	C:\Windows\System32\KERNEL32.DLL
0x00007ffbfccd0000 - 0x00007ffbfcfc6000 	C:\Windows\System32\KERNELBASE.dll
0x00007ffbfcac0000 - 0x00007ffbfcbc0000 	C:\Windows\System32\ucrtbase.dll
0x00007ffbecf60000 - 0x00007ffbecf78000 	C:\Program Files\Java\jdk-11.0.15.1\bin\jli.dll
0x00007ffbee980000 - 0x00007ffbee995000 	C:\Program Files\Java\jdk-11.0.15.1\bin\VCRUNTIME140.dll
0x00007ffbfd2b0000 - 0x00007ffbfd35f000 	C:\Windows\System32\ADVAPI32.dll
0x00007ffbfe2e0000 - 0x00007ffbfe37e000 	C:\Windows\System32\msvcrt.dll
0x00007ffbfd680000 - 0x00007ffbfd71c000 	C:\Windows\System32\sechost.dll
0x00007ffbfe400000 - 0x00007ffbfe526000 	C:\Windows\System32\RPCRT4.dll
0x00007ffbfd380000 - 0x00007ffbfd51d000 	C:\Windows\System32\USER32.dll
0x00007ffbed210000 - 0x00007ffbed4aa000 	C:\Windows\WinSxS\amd64_microsoft.windows.common-controls_6595b64144ccf1df_6.0.19041.1110_none_60b5254171f9507e\COMCTL32.dll
0x00007ffbfc830000 - 0x00007ffbfc852000 	C:\Windows\System32\win32u.dll
0x00007ffbfd5e0000 - 0x00007ffbfd60c000 	C:\Windows\System32\GDI32.dll
0x00007ffbfc650000 - 0x00007ffbfc765000 	C:\Windows\System32\gdi32full.dll
0x00007ffbfcc30000 - 0x00007ffbfcccd000 	C:\Windows\System32\msvcp_win.dll
0x00007ffbf7200000 - 0x00007ffbf720a000 	C:\Windows\SYSTEM32\VERSION.dll
0x00007ffbfd520000 - 0x00007ffbfd550000 	C:\Windows\System32\IMM32.DLL
0x00007ffbc6260000 - 0x00007ffbc62fb000 	C:\Program Files\Java\jdk-11.0.15.1\bin\msvcp140.dll
0x00007ffbaf9e0000 - 0x00007ffbb04f6000 	C:\Program Files\Java\jdk-11.0.15.1\bin\server\jvm.dll
0x00007ffbfd930000 - 0x00007ffbfd938000 	C:\Windows\System32\PSAPI.DLL
0x00007ffbec250000 - 0x00007ffbec259000 	C:\Windows\SYSTEM32\WSOCK32.dll
0x00007ffbed150000 - 0x00007ffbed177000 	C:\Windows\SYSTEM32\WINMM.dll
0x00007ffbfd610000 - 0x00007ffbfd67b000 	C:\Windows\System32\WS2_32.dll
0x00007ffbfae90000 - 0x00007ffbfaea2000 	C:\Windows\SYSTEM32\kernel.appcore.dll
0x00007ffbeec70000 - 0x00007ffbeec80000 	C:\Program Files\Java\jdk-11.0.15.1\bin\verify.dll
0x00007ffbfa400000 - 0x00007ffbfa5e4000 	C:\Windows\SYSTEM32\DBGHELP.DLL
0x00007ffbf4050000 - 0x00007ffbf4084000 	C:\Windows\SYSTEM32\dbgcore.DLL
0x00007ffbfc7a0000 - 0x00007ffbfc822000 	C:\Windows\System32\bcryptPrimitives.dll
0x00007ffbeb450000 - 0x00007ffbeb478000 	C:\Program Files\Java\jdk-11.0.15.1\bin\java.dll
0x00007ffbeeba0000 - 0x00007ffbeebaa000 	C:\Program Files\Java\jdk-11.0.15.1\bin\jimage.dll
0x00007ffbe8070000 - 0x00007ffbe807e000 	C:\Program Files\Java\jdk-11.0.15.1\bin\instrument.dll
0x00007ffbe7ed0000 - 0x00007ffbe7ee6000 	C:\Program Files\Java\jdk-11.0.15.1\bin\zip.dll

dbghelp: loaded successfully - version: 4.0.5 - missing functions: none
symbol engine: initialized successfully - sym options: 0x614 - pdb path: .;C:\Program Files\Java\jdk-11.0.15.1\bin;C:\Windows\SYSTEM32;C:\Windows\WinSxS\amd64_microsoft.windows.common-controls_6595b64144ccf1df_6.0.19041.1110_none_60b5254171f9507e;C:\Program Files\Java\jdk-11.0.15.1\bin\server

VM Arguments:
jvm_args: -XX:TieredStopAtLevel=1 -Xverify:none -Dspring.output.ansi.enabled=always -Dcom.sun.management.jmxremote -Dspring.jmx.enabled=true -Dspring.liveBeansView.mbeanDomain -Dspring.application.admin.enabled=true -javaagent:C:\Program Files\JetBrains\IntelliJ IDEA 2022.1.3\lib\idea_rt.jar=50722:C:\Program Files\JetBrains\IntelliJ IDEA 2022.1.3\bin -Dfile.encoding=UTF-8 
java_command: com.nttdata.com.apigateway.ApiGatewayApplication
java_class_path (initial): C:\Users\Asus\Desktop\BACKUP_MICROSERVICE\Backup_Microservice\api-gateway\target\classes;C:\Users\Asus\.m2\repository\org\springframework\cloud\spring-cloud-starter-config\3.1.4\spring-cloud-starter-config-3.1.4.jar;C:\Users\Asus\.m2\repository\org\springframework\cloud\spring-cloud-starter\3.1.4\spring-cloud-starter-3.1.4.jar;C:\Users\Asus\.m2\repository\org\springframework\cloud\spring-cloud-context\3.1.4\spring-cloud-context-3.1.4.jar;C:\Users\Asus\.m2\repository\org\springframework\security\spring-security-crypto\5.7.2\spring-security-crypto-5.7.2.jar;C:\Users\Asus\.m2\repository\org\springframework\cloud\spring-cloud-commons\3.1.4\spring-cloud-commons-3.1.4.jar;C:\Users\Asus\.m2\repository\org\springframework\security\spring-security-rsa\1.0.11.RELEASE\spring-security-rsa-1.0.11.RELEASE.jar;C:\Users\Asus\.m2\repository\org\bouncycastle\bcpkix-jdk15on\1.69\bcpkix-jdk15on-1.69.jar;C:\Users\Asus\.m2\repository\org\bouncycastle\bcprov-jdk15on\1.69\bcprov-jdk15on-1.69.jar;C:\Users\Asus\.m2\repository\org\bouncycastle\bcutil-jdk15on\1.69\bcutil-jdk15on-1.69.jar;C:\Users\Asus\.m2\repository\org\springframework\cloud\spring-cloud-config-client\3.1.4\spring-cloud-config-client-3.1.4.jar;C:\Users\Asus\.m2\repository\org\springframework\boot\spring-boot-autoconfigure\2.7.1\spring-boot-autoconfigure-2.7.1.jar;C:\Users\Asus\.m2\repository\org\springframework\spring-web\5.3.21\spring-web-5.3.21.jar;C:\Users\Asus\.m2\repository\org\springframework\spring-beans\5.3.21\spring-beans-5.3.21.jar;C:\Users\Asus\.m2\repository\com\fasterxml\jackson\core\jackson-annotations\2.13.3\jackson-annotations-2.13.3.jar;C:\Users\Asus\.m2\repository\org\apache\httpcomponents\httpclient\4.5.13\httpclient-4.5.13.jar;C:\Users\Asus\.m2\repository\org\apache\httpcomponents\httpcore\4.4.15\httpcore-4.4.15.jar;C:\Users\Asus\.m2\repository\commons-codec\commons-codec\1.15\commons-codec-1.15.jar;C:\Users\Asus\.m2\repository\com\fasterxml\jackson\core\jackson-databind\2.13.3\
Launcher Type: SUN_STANDARD

[Global flags]
     bool BytecodeVerificationLocal                = false                                     {product} {command line}
     bool BytecodeVerificationRemote               = false                                     {product} {command line}
     intx CICompilerCount                          = 4                                         {product} {ergonomic}
     uint ConcGCThreads                            = 2                                         {product} {ergonomic}
     uint G1ConcRefinementThreads                  = 8                                         {product} {ergonomic}
   size_t G1HeapRegionSize                         = 1048576                                   {product} {ergonomic}
    uintx GCDrainStackTargetSize                   = 64                                        {product} {ergonomic}
   size_t InitialHeapSize                          = 132120576                                 {product} {ergonomic}
     bool ManagementServer                         = true                                      {product} {command line}
   size_t MarkStackSize                            = 4194304                                   {product} {ergonomic}
   size_t MaxHeapSize                              = 2105540608                                {product} {ergonomic}
   size_t MinHeapDeltaBytes                        = 1048576                                   {product} {ergonomic}
    uintx NonNMethodCodeHeapSize                   = 7549744                                {pd product} {ergonomic}
    uintx NonProfiledCodeHeapSize                  = 244108496                              {pd product} {ergonomic}
    uintx ProfiledCodeHeapSize                     = 0                                      {pd product} {ergonomic}
    uintx ReservedCodeCacheSize                    = 251658240                              {pd product} {ergonomic}
     bool SegmentedCodeCache                       = true                                      {product} {ergonomic}
     intx TieredStopAtLevel                        = 1                                         {product} {command line}
     bool UseCompressedClassPointers               = true                                 {lp64_product} {ergonomic}
     bool UseCompressedOops                        = true                                 {lp64_product} {ergonomic}
     bool UseG1GC                                  = true                                      {product} {ergonomic}
     bool UseLargePagesIndividualAllocation        = false                                  {pd product} {ergonomic}

Logging:
Log output configuration:
 #0: stdout all=warning uptime,level,tags
 #1: stderr all=off uptime,level,tags

Environment Variables:
CLASSPATH=C:\Program Files\IBM\MQ\java\lib\com.ibm.mqjms.jar;C:\Program Files\IBM\MQ\java\lib\com.ibm.mq.jar
PATH=C:\Program Files\IBM\MQ\java\lib;C:\Program Files\IBM\MQ\java\lib64;C:\Program Files\Common Files\Oracle\Java\javapath;C:\Program Files (x86)\Common Files\Oracle\Java\javapath;C:\Windows\system32;C:\Windows;C:\Windows\System32\Wbem;C:\Windows\System32\WindowsPowerShell\v1.0\;C:\Windows\System32\OpenSSH\;C:\Program Files\nodejs\;C:\Program Files\Git\cmd;C:\Program Files\IBM\MQ\bin64;C:\Program Files\IBM\MQ\bin;C:\Program Files\IBM\MQ\tools\c\samples\bin64;C:\Program Files\IBM\MQ\tools\c\samples\bin;C:\Program Files\MongoDB\Server\6.0\bin;C:\Program Files\Java\jdk-11.0.15.1\bin;C:\sonarqube-9.8.0.63668\bin\windows-x86-64;C:\Users\Asus\AppData\Local\Microsoft\WindowsApps;C:\Users\Asus\AppData\Local\Programs\Microsoft VS Code\bin;C:\Users\Asus\AppData\Roaming\npm;C:\Program Files\JetBrains\IntelliJ IDEA Community Edition 2022.1\bin;;C:\Program Files\JetBrains\IntelliJ IDEA 2022.1.3\bin;;C:\Program Files\MongoDB\Server\6.0\bin;C:\sonarqube-9.8.0.63668\bin\windows-x86-64;
USERNAME=Asus
OS=Windows_NT
PROCESSOR_IDENTIFIER=Intel64 Family 6 Model 165 Stepping 2, GenuineIntel



---------------  S Y S T E M  ---------------

OS: Windows 10 , 64 bit Build 19041 (10.0.19041.3031)

CPU:total 8 (initial active 8) (4 cores per cpu, 2 threads per core) family 6 model 165 stepping 2 microcode 0xc8, cmov, cx8, fxsr, mmx, sse, sse2, sse3, ssse3, sse4.1, sse4.2, popcnt, avx, avx2, aes, clmul, erms, 3dnowpref, lzcnt, ht, tsc, tscinvbit, bmi1, bmi2, adx, fma

Memory: 4k page, system-wide physical 8029M (147M free)
TotalPageFile size 32605M (AvailPageFile size 104M)
current process WorkingSet (physical memory assigned to process): 10M, peak: 10M
current process commit charge ("private bytes"): 57M, peak: 183M

vm_info: Java HotSpot(TM) 64-Bit Server VM (11.0.15.1+2-LTS-10) for windows-amd64 JRE (11.0.15.1+2-LTS-10), built on Apr 25 2022 21:51:57 by "mach5one" with MS VC++ 15.9 (VS2017)

END.
